#
# There is insufficient memory for the Java Runtime Environment to continue.
# Native memory allocation (mmap) failed to map 134217728 bytes for G1 virtual space
# Possible reasons:
#   The system is out of physical RAM or swap space
#   The process is running with CompressedOops enabled, and the Java Heap may be blocking the growth of the native heap
# Possible solutions:
#   Reduce memory load on the system
#   Increase physical memory or swap space
#   Check if swap backing store is full
#   Decrease Java heap size (-Xmx/-Xms)
#   Decrease number of Java threads
#   Decrease Java thread stack sizes (-Xss)
#   Set larger code cache with -XX:ReservedCodeCacheSize=
#   JVM is running with Unscaled Compressed Oops mode in which the Java heap is
#     placed in the first 4GB address space. The Java Heap base address is the
#     maximum limit for the native heap growth. Please use -XX:HeapBaseMinAddress
#     to set the Java Heap base and to place the Java Heap above 4GB virtual address.
# This output file may be truncated or incomplete.
#
#  Out of Memory Error (./open/src/hotspot/os/windows/os_windows.cpp:3472), pid=10408, tid=10696
#
# JRE version:  (15.0+36) (build )
# Java VM: OpenJDK 64-Bit Server VM (15+36-1562, mixed mode, sharing, tiered, compressed oops, g1 gc, windows-amd64)
# No core dump will be written. Minidumps are not enabled by default on client versions of Windows
#

---------------  S U M M A R Y ------------

Command Line: -Dfile.encoding=Cp1252 -XX:+ShowCodeDetailsInExceptionMessages exercicio5.exec5

Host: Intel(R) Core(TM) i5-5200U CPU @ 2.20GHz, 4 cores, 7G,  Windows 10 , 64 bit Build 19041 (10.0.19041.546)
Time: Fri Nov 13 23:00:00 2020 Hora oficial do Brasil elapsed time: 0.153461 seconds (0d 0h 0m 0s)

---------------  T H R E A D  ---------------

Current thread (0x000001df94e7c4b0):  JavaThread "Unknown thread" [_thread_in_vm, id=10696, stack(0x0000007f8c400000,0x0000007f8c500000)]

Stack: [0x0000007f8c400000,0x0000007f8c500000]
Native frames: (J=compiled Java code, j=interpreted, Vv=VM code, C=native code)
V  [jvm.dll+0x629eaa]
V  [jvm.dll+0x780379]
V  [jvm.dll+0x781ad3]
V  [jvm.dll+0x782133]
V  [jvm.dll+0x2159d5]
V  [jvm.dll+0x627299]
V  [jvm.dll+0x61bdd5]
V  [jvm.dll+0x2cf96d]
V  [jvm.dll+0x2cf7d2]
V  [jvm.dll+0x2d57ac]
V  [jvm.dll+0x32523a]
V  [jvm.dll+0x324904]
V  [jvm.dll+0x2a68ea]
V  [jvm.dll+0x2a7a88]
V  [jvm.dll+0x75d0f1]
V  [jvm.dll+0x333af4]
V  [jvm.dll+0x73d816]
V  [jvm.dll+0x3b68e7]
V  [jvm.dll+0x3b8371]
C  [jli.dll+0x52fb]
C  [ucrtbase.dll+0x214c2]
C  [KERNEL32.DLL+0x17034]
C  [ntdll.dll+0x4cec1]


---------------  P R O C E S S  ---------------

Threads class SMR info:
_java_thread_list=0x00007ffbe06b2fa0, length=0, elements={
}

Java Threads: ( => current thread )

Other Threads:
  0x000001df94ebcec0 GCTaskThread "GC Thread#0" [stack: 0x0000007f8c500000,0x0000007f8c600000] [id=3256]
  0x000001df94ecfeb0 ConcurrentGCThread "G1 Main Marker" [stack: 0x0000007f8c600000,0x0000007f8c700000] [id=632]
  0x000001df94ed1ab0 ConcurrentGCThread "G1 Conc#0" [stack: 0x0000007f8c700000,0x0000007f8c800000] [id=5680]

[error occurred during error reporting (printing all threads), id 0xc0000005, EXCEPTION_ACCESS_VIOLATION (0xc0000005) at pc=0x00007ffbdfea77b7]

VM state: not at safepoint (not fully initialized)

VM Mutex/Monitor currently owned by a thread:  ([mutex/lock_event])
[0x000001df94e76d40] Heap_lock - owner thread: 0x000001df94e7c4b0

Heap address: 0x0000000081400000, size: 2028 MB, Compressed Oops mode: 32-bit
CDS archive(s) mapped at: [0x0000000000000000-0x0000000000000000-0x0000000000000000), size 0, SharedBaseAddress: 0x0000000800000000, ArchiveRelocationMode: 0.
Narrow klass base: 0x0000000000000000, Narrow klass shift: 0, Narrow klass range: 0x0

Heap:
 garbage-first heap   total 131072K, used 0K [0x0000000081400000, 0x0000000100000000)
  region size 1024K, 0 young (0K), 0 survivors (0K)
 Metaspace       used 0K, capacity 0K, committed 0K, reserved 0K
  class space    used 0K, capacity 0K, committed 0K, reserved 0K

Heap Regions: E=young(eden), S=young(survivor), O=old, HS=humongous(starts), HC=humongous(continues), CS=collection set, F=free, OA=open archive, CA=closed archive, TAMS=top-at-mark-start (previous, next)

Card table byte_map: [0x000001dfac4b0000,0x000001dfac8b0000] _byte_map_base: 0x000001dfac0a6000

Marking Bits (Prev, Next): (CMBitMap*) 0x000001df94ebe740, (CMBitMap*) 0x000001df94ebe780
 Prev Bits: [0x000001dfaccb0000, 0x000001dfaec60000)
 Next Bits: [0x000001dfaec60000, 0x000001dfb0c10000)

GC Heap History (0 events):
No events

Deoptimization events (0 events):
No events

Classes unloaded (0 events):
No events

Classes redefined (0 events):
No events

Internal exceptions (0 events):
No events

Events (1 events):
Event: 0.009 Loaded shared library C:\Users\jean_\Documents\Projects\Java\jdk-15\bin\java.dll


Dynamic libraries:
0x00007ff7e6eb0000 - 0x00007ff7e6ebd000 	C:\Users\jean_\Documents\Projects\Java\jdk-15\bin\javaw.exe
0x00007ffc278d0000 - 0x00007ffc27ac6000 	C:\WINDOWS\SYSTEM32\ntdll.dll
0x00007ffc267a0000 - 0x00007ffc2685d000 	C:\WINDOWS\System32\KERNEL32.DLL
0x00007ffc25310000 - 0x00007ffc255d8000 	C:\WINDOWS\System32\KERNELBASE.dll
0x00007ffc256b0000 - 0x00007ffc257b0000 	C:\WINDOWS\System32\ucrtbase.dll
0x00007ffc12c60000 - 0x00007ffc12c78000 	C:\Users\jean_\Documents\Projects\Java\jdk-15\bin\jli.dll
0x00007ffc274e0000 - 0x00007ffc27680000 	C:\WINDOWS\System32\USER32.dll
0x00007ffc25860000 - 0x00007ffc25882000 	C:\WINDOWS\System32\win32u.dll
0x00007ffc26700000 - 0x00007ffc2672a000 	C:\WINDOWS\System32\GDI32.dll
0x00007ffc25170000 - 0x00007ffc25279000 	C:\WINDOWS\System32\gdi32full.dll
0x00007ffc25890000 - 0x00007ffc2592d000 	C:\WINDOWS\System32\msvcp_win.dll
0x00007ffc12bd0000 - 0x00007ffc12be9000 	C:\Users\jean_\Documents\Projects\Java\jdk-15\bin\VCRUNTIME140.dll
0x00007ffc14d90000 - 0x00007ffc1502b000 	C:\WINDOWS\WinSxS\amd64_microsoft.windows.common-controls_6595b64144ccf1df_6.0.19041.488_none_ca04af081b815d21\COMCTL32.dll
0x00007ffc268f0000 - 0x00007ffc2698e000 	C:\WINDOWS\System32\msvcrt.dll
0x00007ffc25930000 - 0x00007ffc25960000 	C:\WINDOWS\System32\IMM32.DLL
0x00007ffc19f80000 - 0x00007ffc19f8c000 	C:\Users\jean_\Documents\Projects\Java\jdk-15\bin\vcruntime140_1.dll
0x00007ffc0d300000 - 0x00007ffc0d391000 	C:\Users\jean_\Documents\Projects\Java\jdk-15\bin\msvcp140.dll
0x00007ffbdfbf0000 - 0x00007ffbe074c000 	C:\Users\jean_\Documents\Projects\Java\jdk-15\bin\server\jvm.dll
0x00007ffc27030000 - 0x00007ffc270dc000 	C:\WINDOWS\System32\ADVAPI32.dll
0x00007ffc27310000 - 0x00007ffc273ab000 	C:\WINDOWS\System32\sechost.dll
0x00007ffc26e90000 - 0x00007ffc26fb4000 	C:\WINDOWS\System32\RPCRT4.dll
0x00007ffc26dd0000 - 0x00007ffc26dd8000 	C:\WINDOWS\System32\PSAPI.DLL
0x00007ffc186c0000 - 0x00007ffc186c9000 	C:\WINDOWS\SYSTEM32\WSOCK32.dll
0x00007ffc27700000 - 0x00007ffc2776b000 	C:\WINDOWS\System32\WS2_32.dll
0x00007ffc1afd0000 - 0x00007ffc1aff7000 	C:\WINDOWS\SYSTEM32\WINMM.dll
0x00007ffc1a220000 - 0x00007ffc1a22a000 	C:\WINDOWS\SYSTEM32\VERSION.dll
0x00007ffc22e50000 - 0x00007ffc22e62000 	C:\WINDOWS\SYSTEM32\kernel.appcore.dll
0x00007ffc20360000 - 0x00007ffc2036a000 	C:\Users\jean_\Documents\Projects\Java\jdk-15\bin\jimage.dll
0x00007ffc12690000 - 0x00007ffc12874000 	C:\WINDOWS\SYSTEM32\DBGHELP.DLL
0x00007ffc12660000 - 0x00007ffc1268c000 	C:\WINDOWS\SYSTEM32\dbgcore.DLL
0x00007ffc255e0000 - 0x00007ffc2565f000 	C:\WINDOWS\System32\bcryptPrimitives.dll
0x00007ffc1b2e0000 - 0x00007ffc1b305000 	C:\Users\jean_\Documents\Projects\Java\jdk-15\bin\java.dll

dbghelp: loaded successfully - version: 4.0.5 - missing functions: none
symbol engine: initialized successfully - sym options: 0x614 - pdb path: .;C:\Users\jean_\Documents\Projects\Java\jdk-15\bin;C:\WINDOWS\SYSTEM32;C:\WINDOWS\WinSxS\amd64_microsoft.windows.common-controls_6595b64144ccf1df_6.0.19041.488_none_ca04af081b815d21;C:\Users\jean_\Documents\Projects\Java\jdk-15\bin\server

VM Arguments:
jvm_args: -Dfile.encoding=Cp1252 -XX:+ShowCodeDetailsInExceptionMessages 
java_command: exercicio5.exec5
java_class_path (initial): C:\Users\jean_\Documents\Projects\Java\activity\exercicio5\bin
Launcher Type: SUN_STANDARD

[Global flags]
     intx CICompilerCount                          = 3                                         {product} {ergonomic}
     uint ConcGCThreads                            = 1                                         {product} {ergonomic}
     uint G1ConcRefinementThreads                  = 4                                         {product} {ergonomic}
   size_t G1HeapRegionSize                         = 1048576                                   {product} {ergonomic}
    uintx GCDrainStackTargetSize                   = 64                                        {product} {ergonomic}
   size_t InitialHeapSize                          = 134217728                                 {product} {ergonomic}
   size_t MarkStackSize                            = 4194304                                   {product} {ergonomic}
   size_t MaxHeapSize                              = 2126512128                                {product} {ergonomic}
   size_t MinHeapDeltaBytes                        = 1048576                                   {product} {ergonomic}
   size_t MinHeapSize                              = 8388608                                   {product} {ergonomic}
    uintx NonNMethodCodeHeapSize                   = 5832780                                {pd product} {ergonomic}
    uintx NonProfiledCodeHeapSize                  = 122912730                              {pd product} {ergonomic}
    uintx ProfiledCodeHeapSize                     = 122912730                              {pd product} {ergonomic}
    uintx ReservedCodeCacheSize                    = 251658240                              {pd product} {ergonomic}
     bool SegmentedCodeCache                       = true                                      {product} {ergonomic}
     bool ShowCodeDetailsInExceptionMessages       = true                                   {manageable} {command line}
   size_t SoftMaxHeapSize                          = 2126512128                             {manageable} {ergonomic}
     bool UseCompressedClassPointers               = true                                 {lp64_product} {ergonomic}
     bool UseCompressedOops                        = true                                 {lp64_product} {ergonomic}
     bool UseG1GC                                  = true                                      {product} {ergonomic}
     bool UseLargePagesIndividualAllocation        = false                                  {pd product} {ergonomic}

Logging:
Log output configuration:
 #0: stdout all=warning uptime,level,tags
 #1: stderr all=off uptime,level,tags

Environment Variables:
JAVA_HOME=C:\Program Files\Java\jdk-11.0.1
PATH=C:/Users/jean_/Documents/Projects/Java/jdk-15/bin/server;C:/Users/jean_/Documents/Projects/Java/jdk-15/bin;C:\Program Files (x86)\Common Files\Oracle\Java\javapath;C:\Program Files (x86)\Falcon\MinGW\bin;C:\WINDOWS\system32;C:\WINDOWS;C:\WINDOWS\System32\Wbem;C:\WINDOWS\System32\WindowsPowerShell\v1.0\;C:\WINDOWS\System32\OpenSSH\;C:\Program Files\Java\jdk-11.0.1\bin;C:\Program Files\dotnet\;C:\Program Files\Git\cmd;C:\PostgreSQL\pg96\bin;C:\Program Files\nodejs\;C:\Users\jean_\Anaconda3;C:\Users\jean_\Anaconda3\Library\mingw-w64\bin;C:\Users\jean_\Anaconda3\Library\usr\bin;C:\Users\jean_\Anaconda3\Library\bin;C:\Users\jean_\Anaconda3\Scripts;C:\Users\jean_\AppData\Local\Microsoft\WindowsApps;C:\Program Files\Java\jdk1.8.0_171\bin;C:\Users\jean_\AppData\Local\Programs\Microsoft VS Code\bin;C:\Users\jean_\AppData\Roaming\npm;;C:\Users\jean_\Documents\Projects\Java\eclipse;
USERNAME=jean_
OS=Windows_NT
PROCESSOR_IDENTIFIER=Intel64 Family 6 Model 61 Stepping 4, GenuineIntel



---------------  S Y S T E M  ---------------

OS:
 Windows 10 , 64 bit Build 19041 (10.0.19041.546)
OS uptime: 0 days 13:55 hours

CPU: total 4 (initial active 4) (2 cores per cpu, 2 threads per core) family 6 model 61 stepping 4, cmov, cx8, fxsr, mmx, sse, sse2, sse3, ssse3, sse4.1, sse4.2, popcnt, vzeroupper, avx, avx2, aes, clmul, erms, 3dnowpref, lzcnt, ht, tsc, tscinvbit, bmi1, bmi2, adx, fma, clflush

Memory: 4k page, system-wide physical 8107M (1739M free)
TotalPageFile size 8107M (AvailPageFile size 109M)
current process WorkingSet (physical memory assigned to process): 9M, peak: 9M
current process commit charge ("private bytes"): 51M, peak: 179M

vm_info: OpenJDK 64-Bit Server VM (15+36-1562) for windows-amd64 JRE (15+36-1562), built on Aug 11 2020 22:33:04 by "mach5one" with unknown MS VC++:1925

END.
